\BOOKMARK [0][-]{chapter.1}{\376\377\000C\000o\000n\000t\000e\000\372\000d\000o}{}% 1
\BOOKMARK [1][-]{section.1.1}{\376\377\0001\000.\000\040\000C\000o\000n\000e\000x\000\343\000o\000\040\000c\000o\000m\000\040\000o\000\040\000B\000a\000n\000c\000o\000\040\000d\000e\000\040\000D\000a\000d\000o\000s}{chapter.1}% 2
\BOOKMARK [2][-]{subsection.1.1.1}{\376\377\0001\000.\0001\000\040\000D\000e\000f\000i\000n\000i\000\347\000\343\000o\000\040\000d\000o\000s\000\040\000p\000a\000r\000\342\000m\000e\000t\000r\000o\000s\000\040\000d\000e\000\040\000c\000o\000n\000e\000x\000\343\000o\000\040\000c\000o\000m\000\040\000o\000\040\000B\000D\000G}{section.1.1}% 3
\BOOKMARK [3][-]{subsubsection*.3}{\376\377\0001\000.\0001\000.\0001\000\040\000V\000e\000r\000i\000f\000i\000c\000a\000\347\000\343\000o\000\040\000d\000a\000\040\000c\000o\000n\000e\000x\000\343\000o\000\040\000P\000o\000s\000t\000G\000I\000S}{subsection.1.1.1}% 4
\BOOKMARK [3][-]{subsubsection*.4}{\376\377\0001\000.\0001\000.\0002\000.\000\040\000D\000e\000f\000i\000n\000i\000\347\000\343\000o\000\040\000d\000o\000s\000\040\000p\000a\000r\000\342\000m\000e\000t\000r\000o\000s\000\040\000p\000e\000r\000s\000o\000n\000a\000l\000i\000z\000a\000d\000o\000s}{subsection.1.1.1}% 5
\BOOKMARK [2][-]{subsection.1.1.2}{\376\377\0001\000.\0002\000.\000\040\000E\000s\000c\000o\000l\000h\000a\000\040\000d\000o\000\040\000c\000e\000n\000\341\000r\000i\000o}{section.1.1}% 6
\BOOKMARK [1][-]{section.1.2}{\376\377\0002\000.\000\040\000I\000n\000i\000c\000i\000a\000l\000i\000z\000a\000\347\000\343\000o\000\040\000d\000o\000\040\000M\000a\000p\000a}{chapter.1}% 7
\BOOKMARK [2][-]{subsection.1.2.1}{\376\377\0002\000.\0001\000.\000\040\000L\000i\000m\000p\000e\000z\000a\000\040\000d\000a\000s\000\040\000c\000a\000m\000a\000d\000a\000s\000\040\000r\000e\000s\000i\000d\000u\000a\000i\000s}{section.1.2}% 8
\BOOKMARK [2][-]{subsection.1.2.2}{\376\377\0002\000.\0002\000.\000\040\000I\000m\000p\000o\000r\000t\000a\000\347\000\343\000o\000\040\000d\000e\000\040\000c\000a\000m\000a\000d\000a\000s\000\040\000d\000a\000\040\000b\000a\000c\000i\000a}{section.1.2}% 9
\BOOKMARK [2][-]{subsection.1.2.3}{\376\377\0002\000.\0003\000.\000\040\000C\000a\000r\000r\000e\000g\000a\000m\000e\000n\000t\000o\000\040\000d\000e\000\040\000c\000a\000m\000a\000d\000a\000s\000\040\000d\000a\000\040\000b\000a\000c\000i\000a\000\040\000n\000o\000\040\000m\000a\000p\000a}{section.1.2}% 10
\BOOKMARK [3][-]{subsubsection*.5}{\376\377\0002\000.\0003\000.\0001\000.\000\040\000G\000u\000i\000a\000\040\000R\000G\000B\000A}{subsection.1.2.3}% 11
\BOOKMARK [2][-]{subsection.1.2.4}{\376\377\0002\000.\0004\000.\000\040\000C\000a\000r\000r\000e\000g\000a\000m\000e\000n\000t\000o\000\040\000d\000e\000\040\000b\000a\000s\000e\000m\000a\000p}{section.1.2}% 12
\BOOKMARK [1][-]{section.1.3}{\376\377\0003\000.\000\040\000P\000r\000o\000c\000e\000s\000s\000a\000m\000e\000n\000t\000o\000\040\000d\000e\000\040\000c\000a\000p\000t\000a\000\347\000\365\000e\000s}{chapter.1}% 13
\BOOKMARK [2][-]{subsection.1.3.1}{\376\377\0003\000.\0001\000.\000\040\000P\000r\000o\000c\000e\000s\000s\000a\000m\000e\000n\000t\000o\000\040\000d\000o\000s\000\040\000d\000a\000d\000o\000s\000\040\000d\000e\000\040\000c\000a\000p\000t\000a\000\347\000\343\000o}{section.1.3}% 14
\BOOKMARK [1][-]{section.1.4}{\376\377\0004\000.\000\040\000P\000r\000e\000p\000a\000r\000a\000\347\000\343\000o\000\040\000d\000e\000\040\000d\000a\000d\000o\000s\000\040\000p\000a\000r\000a\000\040\000b\000a\000l\000a\000n\000\347\000o\000\040\000h\000\355\000d\000r\000i\000c\000o}{chapter.1}% 15
\BOOKMARK [2][-]{subsection.1.4.1}{\376\377\0004\000.\0001\000\040\000U\000n\000i\000\343\000o\000\040\000e\000n\000t\000r\000e\000\040\000d\000i\000s\000p\000o\000n\000i\000b\000i\000l\000i\000d\000a\000d\000e\000\040\000h\000\355\000d\000r\000i\000c\000a\000\040\000e\000\040\000c\000a\000p\000t\000a\000\347\000\365\000e\000s}{section.1.4}% 16
\BOOKMARK [1][-]{section.1.5}{\376\377\0005\000.\000\040\000C\000\341\000l\000c\000u\000l\000o\000\040\000d\000o\000\040\000b\000a\000l\000a\000n\000\347\000o\000\040\000h\000\355\000d\000r\000i\000c\000o}{chapter.1}% 17
\BOOKMARK [2][-]{subsection.1.5.1}{\376\377\0005\000.\0001\000\040\000O\000r\000d\000e\000n\000a\000r\000\040\000t\000a\000b\000e\000l\000a\000\040\000c\000o\000n\000s\000o\000l\000i\000d\000a\000d\000a}{section.1.5}% 18
\BOOKMARK [2][-]{subsection.1.5.2}{\376\377\0005\000.\0002\000\040\000C\000a\000l\000c\000u\000l\000o\000\040\000d\000o\000\040\000B\000a\000l\000a\000n\000\347\000o\000\040\000H\000\355\000d\000r\000i\000c\000o}{section.1.5}% 19
\BOOKMARK [3][-]{subsubsection*.6}{\376\377\0005\000.\0002\000.\0001\000\040\000S\000a\000l\000v\000a\000r\000\040\000r\000e\000s\000u\000l\000t\000a\000d\000o\000s}{subsection.1.5.2}% 20
\BOOKMARK [1][-]{section.1.6}{\376\377\0006\000.\000\040\000R\000e\000p\000r\000e\000s\000e\000n\000t\000a\000\347\000\343\000o\000\040\000d\000o\000\040\000b\000a\000l\000a\000n\000\347\000o}{chapter.1}% 21
\BOOKMARK [1][-]{section.1.7}{\376\377\0007\000.\000\040\000S\000e\000l\000e\000\347\000\343\000o\000\040\000d\000a\000\040\000o\000t\000t\000o\000b\000a\000c\000i\000a}{chapter.1}% 22
\BOOKMARK [2][-]{subsection.1.7.1}{\376\377\0007\000.\0001\000.\000\040\000S\000e\000l\000e\000\347\000\343\000o\000\040\000d\000e\000\040\000c\000\363\000d\000i\000g\000o\000\040\000o\000t\000t\000o\000\040\000d\000a\000\040\000o\000t\000t\000o\000b\000a\000c\000i\000a}{section.1.7}% 23
\BOOKMARK [1][-]{section.1.8}{\376\377\0008\000.\000\040\000R\000e\000p\000r\000e\000s\000e\000n\000t\000a\000\347\000\343\000o\000\040\000d\000a\000\040\000s\000e\000l\000e\000\347\000\343\000o}{chapter.1}% 24
\BOOKMARK [2][-]{subsection.1.8.1}{\376\377\0008\000.\0001\000.\000\040\000C\000a\000r\000r\000e\000g\000a\000m\000e\000n\000t\000o\000\040\000d\000a\000\040\000c\000a\000m\000a\000d\000a\000\040\000d\000e\000\040\000b\000a\000c\000i\000a\000\040\000m\000o\000n\000t\000a\000n\000t\000e}{section.1.8}% 25
\BOOKMARK [2][-]{subsection.1.8.2}{\376\377\0008\000.\0002\000.\000\040\000S\000e\000l\000e\000\347\000\343\000o\000\040\000d\000o\000s\000\040\000r\000i\000o\000s\000\040\000a\000\040\000j\000u\000s\000a\000n\000t\000e}{section.1.8}% 26
\BOOKMARK [1][-]{section.1.9}{\376\377\0009\000.\000\040\000C\000\363\000d\000i\000g\000o\000s\000\040\000A\000u\000x\000i\000l\000i\000a\000r\000e\000s}{chapter.1}% 27
\BOOKMARK [2][-]{subsection.1.9.1}{\376\377\0009\000.\0001\000.\000\040\000C\000\363\000d\000i\000g\000o\000s\000\040\000D\000e\000s\000c\000o\000n\000t\000i\000n\000u\000a\000d\000o\000s}{section.1.9}% 28
\BOOKMARK [2][-]{subsection.1.9.2}{\376\377\0009\000.\0002\000.\000\040\000C\000o\000m\000a\000n\000d\000o\000s\000\040\000\332\000t\000e\000i\000s}{section.1.9}% 29
\BOOKMARK [2][-]{subsection.1.9.3}{\376\377\0009\000.\0003\000.\000\040\000C\000\363\000d\000i\000g\000o\000s\000\040\000E\000x\000t\000r\000a\000s}{section.1.9}% 30
\BOOKMARK [3][-]{subsubsection*.7}{\376\377\0009\000.\0003\000.\0001\000.\000\040\000S\000e\000l\000e\000\347\000\343\000o\000\040\000M\000o\000n\000t\000a\000n\000t\000e\000\040\000M\000u\000l\000t\000i\000p\000o\000n\000t\000o\000s}{subsection.1.9.3}% 31
\BOOKMARK [3][-]{subsubsection*.8}{\376\377\0009\000.\0003\000.\0002\000.\000\040\000S\000e\000l\000e\000\347\000\343\000o\000\040\000M\000o\000n\000t\000a\000n\000t\000e\000\040\000e\000\040\000D\000i\000s\000s\000o\000l\000v\000e}{subsection.1.9.3}% 32
\BOOKMARK [1][-]{section.1.10}{\376\377\0001\0000\000.\000\040\000P\000r\000\363\000x\000i\000m\000o\000s\000\040\000P\000a\000s\000s\000o\000s}{chapter.1}% 33
\BOOKMARK [2][-]{subsection.1.10.1}{\376\377\0001\0000\000.\0001\000.\000\040\000M\000e\000l\000h\000o\000r\000i\000a\000s\000\040\000n\000o\000\040\000B\000a\000l\000a\000n\000\347\000o\000\040\000H\000\355\000d\000r\000i\000c\000o}{section.1.10}% 34
\BOOKMARK [2][-]{subsection.1.10.2}{\376\377\0001\0000\000.\0002\000.\000\040\000P\000l\000u\000g\000i\000n}{section.1.10}% 35
